[ 2016-07-07T19:12:59+08:00 ] ::1 /admin.php
INFO: [ app_init ] --START--
INFO: Run Behavior\BuildLiteBehavior [ RunTime:0.000000s ]
INFO: [ app_init ] --END-- [ RunTime:0.000000s ]
INFO: [ app_begin ] --START--
INFO: Run Behavior\ReadHtmlCacheBehavior [ RunTime:0.001000s ]
INFO: [ app_begin ] --END-- [ RunTime:0.001000s ]
INFO: [ view_parse ] --START--
INFO: [ template_filter ] --START--
INFO: Run Behavior\ContentReplaceBehavior [ RunTime:0.000000s ]
INFO: [ template_filter ] --END-- [ RunTime:0.000000s ]
INFO: Run Behavior\ParseTemplateBehavior [ RunTime:0.010001s ]
INFO: [ view_parse ] --END-- [ RunTime:0.010001s ]
INFO: [ view_filter ] --START--
INFO: Run Behavior\WriteHtmlCacheBehavior [ RunTime:0.000000s ]
INFO: [ view_filter ] --END-- [ RunTime:0.000000s ]
INFO: [ app_end ] --START--
INFO: Run Behavior\ShowPageTraceBehavior [ RunTime:0.001000s ]
INFO: [ app_end ] --END-- [ RunTime:0.001000s ]

[ 2016-07-07T19:17:18+08:00 ] ::1 /admin.php
INFO: [ app_init ] --START--
INFO: Run Behavior\BuildLiteBehavior [ RunTime:0.000000s ]
INFO: [ app_init ] --END-- [ RunTime:0.001000s ]
INFO: [ app_begin ] --START--
INFO: Run Behavior\ReadHtmlCacheBehavior [ RunTime:0.001000s ]
INFO: [ app_begin ] --END-- [ RunTime:0.001000s ]
INFO: [ view_parse ] --START--
INFO: Run Behavior\ParseTemplateBehavior [ RunTime:0.000000s ]
INFO: [ view_parse ] --END-- [ RunTime:0.000000s ]
INFO: [ view_filter ] --START--
INFO: Run Behavior\WriteHtmlCacheBehavior [ RunTime:0.001000s ]
INFO: [ view_filter ] --END-- [ RunTime:0.001000s ]
INFO: [ app_end ] --START--
INFO: Run Behavior\ShowPageTraceBehavior [ RunTime:0.001000s ]
INFO: [ app_end ] --END-- [ RunTime:0.001000s ]

[ 2016-07-07T19:19:43+08:00 ] ::1 /admin
INFO: [ app_init ] --START--
INFO: Run Behavior\BuildLiteBehavior [ RunTime:0.000000s ]
INFO: [ app_init ] --END-- [ RunTime:0.000000s ]
INFO: [ app_begin ] --START--
INFO: Run Behavior\ReadHtmlCacheBehavior [ RunTime:0.001000s ]
INFO: [ app_begin ] --END-- [ RunTime:0.001000s ]
INFO: [ app_end ] --START--
INFO: Run Behavior\ShowPageTraceBehavior [ RunTime:0.001000s ]
INFO: [ app_end ] --END-- [ RunTime:0.001000s ]

[ 2016-07-07T21:34:52+08:00 ] ::1 /admin
INFO: [ app_init ] --START--
INFO: Run Behavior\BuildLiteBehavior [ RunTime:0.000000s ]
INFO: [ app_init ] --END-- [ RunTime:0.000000s ]
INFO: [ app_begin ] --START--
INFO: Run Behavior\ReadHtmlCacheBehavior [ RunTime:0.000000s ]
INFO: [ app_begin ] --END-- [ RunTime:0.000000s ]
INFO: [ app_end ] --START--
INFO: Run Behavior\ShowPageTraceBehavior [ RunTime:0.001000s ]
INFO: [ app_end ] --END-- [ RunTime:0.001000s ]

[ 2016-07-07T21:34:55+08:00 ] ::1 /admin
INFO: [ app_init ] --START--
INFO: Run Behavior\BuildLiteBehavior [ RunTime:0.000000s ]
INFO: [ app_init ] --END-- [ RunTime:0.001001s ]
INFO: [ app_begin ] --START--
INFO: Run Behavior\ReadHtmlCacheBehavior [ RunTime:0.000000s ]
INFO: [ app_begin ] --END-- [ RunTime:0.000000s ]
INFO: [ app_end ] --START--
INFO: Run Behavior\ShowPageTraceBehavior [ RunTime:0.001000s ]
INFO: [ app_end ] --END-- [ RunTime:0.001000s ]

[ 2016-07-07T21:34:55+08:00 ] ::1 /admin
INFO: [ app_init ] --START--
INFO: Run Behavior\BuildLiteBehavior [ RunTime:0.000000s ]
INFO: [ app_init ] --END-- [ RunTime:0.000000s ]
INFO: [ app_begin ] --START--
INFO: Run Behavior\ReadHtmlCacheBehavior [ RunTime:0.001000s ]
INFO: [ app_begin ] --END-- [ RunTime:0.001000s ]
INFO: [ app_end ] --START--
INFO: Run Behavior\ShowPageTraceBehavior [ RunTime:0.000000s ]
INFO: [ app_end ] --END-- [ RunTime:0.000000s ]

[ 2016-07-07T21:36:13+08:00 ] ::1 /admin
INFO: [ app_init ] --START--
INFO: Run Behavior\BuildLiteBehavior [ RunTime:0.000000s ]
INFO: [ app_init ] --END-- [ RunTime:0.000000s ]
INFO: [ app_begin ] --START--
INFO: Run Behavior\ReadHtmlCacheBehavior [ RunTime:0.001000s ]
INFO: [ app_begin ] --END-- [ RunTime:0.001000s ]
NOTIC: [2] Missing argument 1 for Think\Controller::show(), called in I:\xdlstudy\wwwroot\www\App\Admin\Controller\IndexController.class.php on line 6 and defined I:\xdlstudy\wwwroot\www\ThinkPHP\Library\Think\Controller.class.php 第 68 行.
NOTIC: [8] Undefined variable: content I:\xdlstudy\wwwroot\www\ThinkPHP\Library\Think\Controller.class.php 第 69 行.
INFO: [ view_parse ] --START--
INFO: [ template_filter ] --START--
INFO: Run Behavior\ContentReplaceBehavior [ RunTime:0.019001s ]
INFO: [ template_filter ] --END-- [ RunTime:0.019001s ]
NOTIC: [8] Undefined variable: upgradeMsg I:\xdlstudy\wwwroot\www\App\Runtime\Cache\Admin\9df924d9a2d217daa77a359c5bee0c33.php 第 50 行.
NOTIC: [8] Undefined variable: upgradeMsg I:\xdlstudy\wwwroot\www\App\Runtime\Cache\Admin\9df924d9a2d217daa77a359c5bee0c33.php 第 53 行.
NOTIC: [8] Undefined variable: admin_info I:\xdlstudy\wwwroot\www\App\Runtime\Cache\Admin\9df924d9a2d217daa77a359c5bee0c33.php 第 75 行.
NOTIC: [8] Undefined variable: admin_info I:\xdlstudy\wwwroot\www\App\Runtime\Cache\Admin\9df924d9a2d217daa77a359c5bee0c33.php 第 81 行.
NOTIC: [8] Undefined variable: menu_list I:\xdlstudy\wwwroot\www\App\Runtime\Cache\Admin\9df924d9a2d217daa77a359c5bee0c33.php 第 123 行.
NOTIC: [8] Undefined variable: order_amount I:\xdlstudy\wwwroot\www\App\Runtime\Cache\Admin\9df924d9a2d217daa77a359c5bee0c33.php 第 250 行.
INFO: Run Behavior\ParseTemplateBehavior [ RunTime:0.325018s ]
INFO: [ view_parse ] --END-- [ RunTime:0.325018s ]
INFO: [ view_filter ] --START--
INFO: Run Behavior\WriteHtmlCacheBehavior [ RunTime:0.024002s ]
INFO: [ view_filter ] --END-- [ RunTime:0.024002s ]
INFO: [ app_end ] --START--
INFO: Run Behavior\ShowPageTraceBehavior [ RunTime:0.015001s ]
INFO: [ app_end ] --END-- [ RunTime:0.015001s ]

[ 2016-07-07T21:36:14+08:00 ] ::1 /index.php/Admin/System/login_task.html
INFO: [ app_init ] --START--
INFO: Run Behavior\BuildLiteBehavior [ RunTime:0.000000s ]
INFO: [ app_init ] --END-- [ RunTime:0.000000s ]
INFO: [ app_begin ] --START--
INFO: Run Behavior\ReadHtmlCacheBehavior [ RunTime:0.001000s ]
INFO: [ app_begin ] --END-- [ RunTime:0.001000s ]
ERR: 无法加载控制器:System

[ 2016-07-07T21:36:14+08:00 ] ::1 /admin
INFO: [ app_init ] --START--
INFO: Run Behavior\BuildLiteBehavior [ RunTime:0.000000s ]
INFO: [ app_init ] --END-- [ RunTime:0.001000s ]
INFO: [ app_begin ] --START--
INFO: Run Behavior\ReadHtmlCacheBehavior [ RunTime:0.000000s ]
INFO: [ app_begin ] --END-- [ RunTime:0.001000s ]
NOTIC: [2] Missing argument 1 for Think\Controller::show(), called in I:\xdlstudy\wwwroot\www\App\Admin\Controller\IndexController.class.php on line 6 and defined I:\xdlstudy\wwwroot\www\ThinkPHP\Library\Think\Controller.class.php 第 68 行.
NOTIC: [8] Undefined variable: content I:\xdlstudy\wwwroot\www\ThinkPHP\Library\Think\Controller.class.php 第 69 行.
INFO: [ view_parse ] --START--
INFO: [ template_filter ] --START--
INFO: Run Behavior\ContentReplaceBehavior [ RunTime:0.000000s ]
INFO: [ template_filter ] --END-- [ RunTime:0.000000s ]
NOTIC: [8] Undefined variable: upgradeMsg I:\xdlstudy\wwwroot\www\App\Runtime\Cache\Admin\9df924d9a2d217daa77a359c5bee0c33.php 第 50 行.
NOTIC: [8] Undefined variable: upgradeMsg I:\xdlstudy\wwwroot\www\App\Runtime\Cache\Admin\9df924d9a2d217daa77a359c5bee0c33.php 第 53 行.
NOTIC: [8] Undefined variable: admin_info I:\xdlstudy\wwwroot\www\App\Runtime\Cache\Admin\9df924d9a2d217daa77a359c5bee0c33.php 第 75 行.
NOTIC: [8] Undefined variable: admin_info I:\xdlstudy\wwwroot\www\App\Runtime\Cache\Admin\9df924d9a2d217daa77a359c5bee0c33.php 第 81 行.
NOTIC: [8] Undefined variable: menu_list I:\xdlstudy\wwwroot\www\App\Runtime\Cache\Admin\9df924d9a2d217daa77a359c5bee0c33.php 第 123 行.
NOTIC: [8] Undefined variable: order_amount I:\xdlstudy\wwwroot\www\App\Runtime\Cache\Admin\9df924d9a2d217daa77a359c5bee0c33.php 第 250 行.
INFO: Run Behavior\ParseTemplateBehavior [ RunTime:0.055003s ]
INFO: [ view_parse ] --END-- [ RunTime:0.055003s ]
INFO: [ view_filter ] --START--
INFO: Run Behavior\WriteHtmlCacheBehavior [ RunTime:0.001000s ]
INFO: [ view_filter ] --END-- [ RunTime:0.001000s ]
INFO: [ app_end ] --START--
INFO: Run Behavior\ShowPageTraceBehavior [ RunTime:0.001000s ]
INFO: [ app_end ] --END-- [ RunTime:0.001000s ]

[ 2016-07-07T21:36:14+08:00 ] ::1 /index.php/Admin/Index/welcome.html
INFO: [ app_init ] --START--
INFO: Run Behavior\BuildLiteBehavior [ RunTime:0.000000s ]
INFO: [ app_init ] --END-- [ RunTime:0.001000s ]
INFO: [ app_begin ] --START--
INFO: Run Behavior\ReadHtmlCacheBehavior [ RunTime:0.000000s ]
INFO: [ app_begin ] --END-- [ RunTime:0.000000s ]
INFO: [ view_parse ] --START--
INFO: [ template_filter ] --START--
INFO: Run Behavior\ContentReplaceBehavior [ RunTime:0.000000s ]
INFO: [ template_filter ] --END-- [ RunTime:0.000000s ]
NOTIC: [8] Undefined variable: navigate_admin I:\xdlstudy\wwwroot\www\App\Runtime\Cache\Admin\d9e8c752db43d77c05cd2cf54a23d500.php 第 67 行.
NOTIC: [8] Undefined variable: count I:\xdlstudy\wwwroot\www\App\Runtime\Cache\Admin\d9e8c752db43d77c05cd2cf54a23d500.php 第 80 行.
NOTIC: [8] Undefined variable: count I:\xdlstudy\wwwroot\www\App\Runtime\Cache\Admin\d9e8c752db43d77c05cd2cf54a23d500.php 第 89 行.
NOTIC: [8] Undefined variable: count I:\xdlstudy\wwwroot\www\App\Runtime\Cache\Admin\d9e8c752db43d77c05cd2cf54a23d500.php 第 98 行.
NOTIC: [8] Undefined variable: count I:\xdlstudy\wwwroot\www\App\Runtime\Cache\Admin\d9e8c752db43d77c05cd2cf54a23d500.php 第 107 行.
NOTIC: [8] Undefined variable: count I:\xdlstudy\wwwroot\www\App\Runtime\Cache\Admin\d9e8c752db43d77c05cd2cf54a23d500.php 第 122 行.
NOTIC: [8] Undefined variable: count I:\xdlstudy\wwwroot\www\App\Runtime\Cache\Admin\d9e8c752db43d77c05cd2cf54a23d500.php 第 125 行.
NOTIC: [8] Undefined variable: count I:\xdlstudy\wwwroot\www\App\Runtime\Cache\Admin\d9e8c752db43d77c05cd2cf54a23d500.php 第 128 行.
NOTIC: [8] Undefined variable: count I:\xdlstudy\wwwroot\www\App\Runtime\Cache\Admin\d9e8c752db43d77c05cd2cf54a23d500.php 第 131 行.
NOTIC: [8] Undefined variable: sys_info I:\xdlstudy\wwwroot\www\App\Runtime\Cache\Admin\d9e8c752db43d77c05cd2cf54a23d500.php 第 147 行.
NOTIC: [8] Undefined variable: sys_info I:\xdlstudy\wwwroot\www\App\Runtime\Cache\Admin\d9e8c752db43d77c05cd2cf54a23d500.php 第 149 行.
NOTIC: [8] Undefined variable: sys_info I:\xdlstudy\wwwroot\www\App\Runtime\Cache\Admin\d9e8c752db43d77c05cd2cf54a23d500.php 第 149 行.
NOTIC: [8] Undefined variable: sys_info I:\xdlstudy\wwwroot\www\App\Runtime\Cache\Admin\d9e8c752db43d77c05cd2cf54a23d500.php 第 151 行.
NOTIC: [8] Undefined variable: sys_info I:\xdlstudy\wwwroot\www\App\Runtime\Cache\Admin\d9e8c752db43d77c05cd2cf54a23d500.php 第 155 行.
NOTIC: [8] Undefined variable: sys_info I:\xdlstudy\wwwroot\www\App\Runtime\Cache\Admin\d9e8c752db43d77c05cd2cf54a23d500.php 第 157 行.
NOTIC: [8] Undefined variable: sys_info I:\xdlstudy\wwwroot\www\App\Runtime\Cache\Admin\d9e8c752db43d77c05cd2cf54a23d500.php 第 159 行.
NOTIC: [8] Undefined variable: sys_info I:\xdlstudy\wwwroot\www\App\Runtime\Cache\Admin\d9e8c752db43d77c05cd2cf54a23d500.php 第 163 行.
NOTIC: [8] Undefined variable: sys_info I:\xdlstudy\wwwroot\www\App\Runtime\Cache\Admin\d9e8c752db43d77c05cd2cf54a23d500.php 第 165 行.
NOTIC: [8] Undefined variable: sys_info I:\xdlstudy\wwwroot\www\App\Runtime\Cache\Admin\d9e8c752db43d77c05cd2cf54a23d500.php 第 167 行.
NOTIC: [8] Undefined variable: sys_info I:\xdlstudy\wwwroot\www\App\Runtime\Cache\Admin\d9e8c752db43d77c05cd2cf54a23d500.php 第 171 行.
NOTIC: [8] Undefined variable: sys_info I:\xdlstudy\wwwroot\www\App\Runtime\Cache\Admin\d9e8c752db43d77c05cd2cf54a23d500.php 第 173 行.
NOTIC: [8] Undefined variable: sys_info I:\xdlstudy\wwwroot\www\App\Runtime\Cache\Admin\d9e8c752db43d77c05cd2cf54a23d500.php 第 175 行.
NOTIC: [8] Undefined variable: sys_info I:\xdlstudy\wwwroot\www\App\Runtime\Cache\Admin\d9e8c752db43d77c05cd2cf54a23d500.php 第 191 行.
INFO: Run Behavior\ParseTemplateBehavior [ RunTime:0.058004s ]
INFO: [ view_parse ] --END-- [ RunTime:0.058004s ]
INFO: [ view_filter ] --START--
INFO: Run Behavior\WriteHtmlCacheBehavior [ RunTime:0.001000s ]
INFO: [ view_filter ] --END-- [ RunTime:0.001000s ]
INFO: [ app_end ] --START--
INFO: Run Behavior\ShowPageTraceBehavior [ RunTime:0.001000s ]
INFO: [ app_end ] --END-- [ RunTime:0.001000s ]

[ 2016-07-07T21:36:14+08:00 ] ::1 /index.php/Admin/System/login_task.html
INFO: [ app_init ] --START--
INFO: Run Behavior\BuildLiteBehavior [ RunTime:0.000000s ]
INFO: [ app_init ] --END-- [ RunTime:0.001000s ]
INFO: [ app_begin ] --START--
INFO: Run Behavior\ReadHtmlCacheBehavior [ RunTime:0.001000s ]
INFO: [ app_begin ] --END-- [ RunTime:0.001000s ]
ERR: 无法加载控制器:System

[ 2016-07-07T21:36:14+08:00 ] ::1 /index.php/Admin/Index/welcome.html
INFO: [ app_init ] --START--
INFO: Run Behavior\BuildLiteBehavior [ RunTime:0.000000s ]
INFO: [ app_init ] --END-- [ RunTime:0.001000s ]
INFO: [ app_begin ] --START--
INFO: Run Behavior\ReadHtmlCacheBehavior [ RunTime:0.000000s ]
INFO: [ app_begin ] --END-- [ RunTime:0.000000s ]
INFO: [ view_parse ] --START--
INFO: [ template_filter ] --START--
INFO: Run Behavior\ContentReplaceBehavior [ RunTime:0.001000s ]
INFO: [ template_filter ] --END-- [ RunTime:0.001000s ]
NOTIC: [8] Undefined variable: navigate_admin I:\xdlstudy\wwwroot\www\App\Runtime\Cache\Admin\d9e8c752db43d77c05cd2cf54a23d500.php 第 67 行.
NOTIC: [8] Undefined variable: count I:\xdlstudy\wwwroot\www\App\Runtime\Cache\Admin\d9e8c752db43d77c05cd2cf54a23d500.php 第 80 行.
NOTIC: [8] Undefined variable: count I:\xdlstudy\wwwroot\www\App\Runtime\Cache\Admin\d9e8c752db43d77c05cd2cf54a23d500.php 第 89 行.
NOTIC: [8] Undefined variable: count I:\xdlstudy\wwwroot\www\App\Runtime\Cache\Admin\d9e8c752db43d77c05cd2cf54a23d500.php 第 98 行.
NOTIC: [8] Undefined variable: count I:\xdlstudy\wwwroot\www\App\Runtime\Cache\Admin\d9e8c752db43d77c05cd2cf54a23d500.php 第 107 行.
NOTIC: [8] Undefined variable: count I:\xdlstudy\wwwroot\www\App\Runtime\Cache\Admin\d9e8c752db43d77c05cd2cf54a23d500.php 第 122 行.
NOTIC: [8] Undefined variable: count I:\xdlstudy\wwwroot\www\App\Runtime\Cache\Admin\d9e8c752db43d77c05cd2cf54a23d500.php 第 125 行.
NOTIC: [8] Undefined variable: count I:\xdlstudy\wwwroot\www\App\Runtime\Cache\Admin\d9e8c752db43d77c05cd2cf54a23d500.php 第 128 行.
NOTIC: [8] Undefined variable: count I:\xdlstudy\wwwroot\www\App\Runtime\Cache\Admin\d9e8c752db43d77c05cd2cf54a23d500.php 第 131 行.
NOTIC: [8] Undefined variable: sys_info I:\xdlstudy\wwwroot\www\App\Runtime\Cache\Admin\d9e8c752db43d77c05cd2cf54a23d500.php 第 147 行.
NOTIC: [8] Undefined variable: sys_info I:\xdlstudy\wwwroot\www\App\Runtime\Cache\Admin\d9e8c752db43d77c05cd2cf54a23d500.php 第 149 行.
NOTIC: [8] Undefined variable: sys_info I:\xdlstudy\wwwroot\www\App\Runtime\Cache\Admin\d9e8c752db43d77c05cd2cf54a23d500.php 第 149 行.
NOTIC: [8] Undefined variable: sys_info I:\xdlstudy\wwwroot\www\App\Runtime\Cache\Admin\d9e8c752db43d77c05cd2cf54a23d500.php 第 151 行.
NOTIC: [8] Undefined variable: sys_info I:\xdlstudy\wwwroot\www\App\Runtime\Cache\Admin\d9e8c752db43d77c05cd2cf54a23d500.php 第 155 行.
NOTIC: [8] Undefined variable: sys_info I:\xdlstudy\wwwroot\www\App\Runtime\Cache\Admin\d9e8c752db43d77c05cd2cf54a23d500.php 第 157 行.
NOTIC: [8] Undefined variable: sys_info I:\xdlstudy\wwwroot\www\App\Runtime\Cache\Admin\d9e8c752db43d77c05cd2cf54a23d500.php 第 159 行.
NOTIC: [8] Undefined variable: sys_info I:\xdlstudy\wwwroot\www\App\Runtime\Cache\Admin\d9e8c752db43d77c05cd2cf54a23d500.php 第 163 行.
NOTIC: [8] Undefined variable: sys_info I:\xdlstudy\wwwroot\www\App\Runtime\Cache\Admin\d9e8c752db43d77c05cd2cf54a23d500.php 第 165 行.
NOTIC: [8] Undefined variable: sys_info I:\xdlstudy\wwwroot\www\App\Runtime\Cache\Admin\d9e8c752db43d77c05cd2cf54a23d500.php 第 167 行.
NOTIC: [8] Undefined variable: sys_info I:\xdlstudy\wwwroot\www\App\Runtime\Cache\Admin\d9e8c752db43d77c05cd2cf54a23d500.php 第 171 行.
NOTIC: [8] Undefined variable: sys_info I:\xdlstudy\wwwroot\www\App\Runtime\Cache\Admin\d9e8c752db43d77c05cd2cf54a23d500.php 第 173 行.
NOTIC: [8] Undefined variable: sys_info I:\xdlstudy\wwwroot\www\App\Runtime\Cache\Admin\d9e8c752db43d77c05cd2cf54a23d500.php 第 175 行.
NOTIC: [8] Undefined variable: sys_info I:\xdlstudy\wwwroot\www\App\Runtime\Cache\Admin\d9e8c752db43d77c05cd2cf54a23d500.php 第 191 行.
INFO: Run Behavior\ParseTemplateBehavior [ RunTime:0.050003s ]
INFO: [ view_parse ] --END-- [ RunTime:0.050003s ]
INFO: [ view_filter ] --START--
INFO: Run Behavior\WriteHtmlCacheBehavior [ RunTime:0.000000s ]
INFO: [ view_filter ] --END-- [ RunTime:0.000000s ]
INFO: [ app_end ] --START--
INFO: Run Behavior\ShowPageTraceBehavior [ RunTime:0.001000s ]
INFO: [ app_end ] --END-- [ RunTime:0.001000s ]

